<?xml version="1.0" encoding="UTF-8"?>
<!-- Generated by org.testng.reporters.JUnitXMLReporter -->
<testsuite ignored="0" hostname="DESKTOP-FMKQHNF" failures="0" tests="4" name="Test" time="0.049" errors="0" timestamp="2022-09-14T13:29:56 IST">
  <testcase classname="org.sdet40.practice.testngpractice2" name="Teststep3test3" time="0.006"/>
  <testcase classname="org.sdet40.practice.testngpractice2" name="testngstep4test" time="0.001"/>
  <testcase classname="org.sdet40.practice.testngpractice1" name="teststep1test1" time="0.001"/>
  <testcase classname="org.sdet40.practice.testngpractice1" name="teststep2test2" time="0.001"/>
</testsuite> <!-- Test -->
