<?xml version="1.0" encoding="UTF-8"?>
<!-- Generated by org.testng.reporters.JUnitXMLReporter -->
<testsuite ignored="0" hostname="DESKTOP-FMKQHNF" failures="1" tests="1" name="Test" time="6.436" errors="0" timestamp="2022-09-20T17:34:10 IST">
  <testcase classname="AdminandUserScript.AppleIphone6AdminTest" name="appleIphone6AdminTest" time="0.013">
    <failure type="java.lang.NullPointerException" message="Cannot invoke &amp;quot;org.apache.poi.ss.usermodel.Workbook.getSheet(String)&amp;quot; because &amp;quot;this.wb&amp;quot; is null">
      <![CDATA[java.lang.NullPointerException: Cannot invoke "org.apache.poi.ss.usermodel.Workbook.getSheet(String)" because "this.wb" is null
at org.sdet40.genericUtility.ExcelUtility.getDataFromExcel(ExcelUtility.java:94)
at AdminandUserScript.AppleIphone6AdminTest.appleIphone6AdminTest(AppleIphone6AdminTest.java:28)
at java.base/java.util.ArrayList.forEach(ArrayList.java:1511)
... Removed 27 stack frames]]>
    </failure>
  </testcase> <!-- appleIphone6AdminTest -->
</testsuite> <!-- Test -->
